<?xml version="1.0" encoding="UTF-8"?>
<testng-results skipped="0" failed="0" total="1" passed="1">
  <reporter-output>
  </reporter-output>
  <suite name="Suite" duration-ms="18707" started-at="2016-10-22T18:07:22Z" finished-at="2016-10-22T18:07:41Z">
    <groups>
    </groups>
    <test name="Test" duration-ms="18707" started-at="2016-10-22T18:07:22Z" finished-at="2016-10-22T18:07:41Z">
      <class name="example.NewTest">
        <test-method status="PASS" signature="beforeTest()[pri:0, instance:example.NewTest@c038203]" name="beforeTest" is-config="true" duration-ms="13786" started-at="2016-10-22T20:07:22Z" finished-at="2016-10-22T20:07:36Z">
          <reporter-output>
          </reporter-output>
        </test-method> <!-- beforeTest -->
        <test-method status="PASS" signature="testEasy()[pri:0, instance:example.NewTest@c038203]" name="testEasy" duration-ms="3589" started-at="2016-10-22T20:07:36Z" finished-at="2016-10-22T20:07:40Z">
          <reporter-output>
          </reporter-output>
        </test-method> <!-- testEasy -->
        <test-method status="PASS" signature="afterTest()[pri:0, instance:example.NewTest@c038203]" name="afterTest" is-config="true" duration-ms="1320" started-at="2016-10-22T20:07:40Z" finished-at="2016-10-22T20:07:41Z">
          <reporter-output>
          </reporter-output>
        </test-method> <!-- afterTest -->
      </class> <!-- example.NewTest -->
    </test> <!-- Test -->
  </suite> <!-- Suite -->
</testng-results>
